GROUP,PACKAGE,CLASS,INSTRUCTION_MISSED,INSTRUCTION_COVERED,BRANCH_MISSED,BRANCH_COVERED,LINE_MISSED,LINE_COVERED,COMPLEXITY_MISSED,COMPLEXITY_COVERED,METHOD_MISSED,METHOD_COVERED
asesores-application,mx.com.backend.asesores.config,ApplicationConfig.new WebMvcConfigurer() {...},18,0,0,0,3,0,2,0,2,0
asesores-application,mx.com.backend.asesores.config,ApplicationConfig,12,0,0,0,3,0,3,0,3,0
asesores-application,mx.com.backend.asesores,Application,33,0,0,0,6,0,2,0,2,0
asesores-application,mx.com.backend.asesores,SwaggerConfiguration,136,0,6,0,21,0,9,0,6,0
